[Thu Sep 15 19:45:31.032 2022] [2022-06-09 00:00:06.255488][invo_alg_fid.h           ][WRN] FaceIdFeature[0]::load(/tmp/sense/faceid/faceid0.db) ...
[Thu Sep 15 19:45:31.079 2022] [2022-06-09 00:00:06.282959][rte_file.c               ][ERR] "cp /tmp/rte/mem_data_share/faceid0.db /tmp/sense/faceid//faceid0.db" failed, Resource temporarily unavailable
[Thu Sep 15 19:45:31.079 2022] [2022-06-09 00:00:06.284533][rte_alg.cpp              ][ERR] read faceid0_feature from memory[data] failed
[Thu Sep 15 19:45:31.079 2022] [2022-06-09 00:00:06.285938][rte_mem_back.c           ][WRN] rte_mem_back_reload() ...
[Thu Sep 15 19:45:31.079 2022] [2022-06-09 00:00:06.299542][rte_file.c               ][WRN] "mount_tinyfs /dev/mmcblk0p4 /tmp/rte/mem_back_share" ...
[Thu Sep 15 19:45:31.079 2022] [2022-06-09 00:00:06.306532][rte_monitor.cpp          ][INF] SYS MEMORY : Total[977.5MB] Free[175.7MB] Avai[255.2MB] Cach[83.6MB]
[Thu Sep 15 19:45:31.079 2022] [2022-06-09 00:00:06.308412][rte_monitor.cpp          ][INF] CPU OCCUPY : Total[33%] Cpu0[35%] Cpu1[41%] Cpu2[28%]
[Thu Sep 15 19:45:31.188 2022] [2022-06-09 00:00:06.339351][rte_file.c               ][WRN] "mount_tinyfs /dev/mmcblk0p4 /tmp/rte/mem_back_share" success
[Thu Sep 15 19:45:31.188 2022] [2022-06-09 00:00:06.339383][rte_mem_back.c           ][WRN] rte_mem_back_reload() success.
[Thu Sep 15 19:45:31.188 2022] [2022-06-09 00:00:06.354226][rte_file.c               ][WRN] "cp /tmp/rte/mem_back_share/faceid0.db /tmp/sense/faceid//faceid0.db" success.
[Thu Sep 15 19:45:31.188 2022] [2022-06-09 00:00:06.364456][rte_alg.cpp              ][WRN] read faceid0_feature from memory[back] success
[Thu Sep 15 19:45:31.188 2022] [2022-06-09 00:00:06.364959][invo_alg_fid.h           ][WRN] FaceIdFeature[0]::load(/tmp/sense/faceid/faceid0.db) success, total:8
[Thu Sep 15 19:45:31.188 2022] [2022-06-09 00:00:06.365462][invo_alg_fid.cpp         ][WRN] [fid0] init() success.
[Thu Sep 15 19:45:31.188 2022] [2022-06-09 00:00:06.365506][invo_alg_common.cpp      ][WRN] [fid1] load(/etc/sense/config/fid_xx/meta.json, /etc/sense/license/license.online.lic) ...
[Thu Sep 15 19:45:31.297 2022] [2022-06-09 00:00:06.366603][rte_spi.cpp              ][WRN] ALG_FID0 [PAUSING]
[Thu Sep 15 19:45:31.297 2022] [2022-06-09 00:00:06.393466][invo_camera_dev.cpp      ][INF] vinc[00] NORMAL  vsrc[01] ENA|ACT sen[OK] ser[OK] des[OK] vol[OK] lock[OK] errb[OK]
[Thu Sep 15 19:45:31.297 2022] [2022-06-09 00:00:06.394457][rte_file.c               ][WRN] "cp /etc/sense/config/fid_xx/meta.json /tmp/sense/config/fid_xx/meta.json" success.
[Thu Sep 15 19:45:31.297 2022] [2022-06-09 00:00:06.402473][invo_camera_dev.cpp      ][INF] vinc[00] NORMAL  vsrc[02] ENA|ACT sen[OK] ser[OK] des[OK] vol[OK] lock[OK] errb[OK]
[Thu Sep 15 19:45:31.297 2022] [2022-06-09 00:00:06.408545][rte_file.c               ][WRN] "cp /etc/sense/license/license.online.lic /tmp/sense/config/fid_xx/license.lic" success.
[Thu Sep 15 19:45:31.375 2022] [2022-06-09 00:00:06.408591][invo_alg_fid.cpp         ][WRN] [fid1] init() version[GAC.FACEID.V4.1.1D]
[Thu Sep 15 19:45:31.375 2022] [2022-06-09 00:00:06.411523][invo_camera_dev.cpp      ][INF] vinc[00] NORMAL  vsrc[03] ENA|ACT sen[OK] ser[OK] des[OK] vol[OK] lock[OK] errb[OK]
[Thu Sep 15 19:45:31.375 2022] [2022-06-09 00:00:06.413724][invo_camera_dev.cpp      ][INF] vinc[01] NORMAL  vsrc[00] ENA|ACT sen[OK] ser[OK] des[OK] vol[OK] lock[OK] errb[OK]
[Thu Sep 15 19:45:31.375 2022] [2022-06-09 00:00:06.417534][rte_spi.cpp              ][WRN] ALG_FID1 [INITING]
[Thu Sep 15 19:45:31.375 2022] [2022-06-09 00:00:06.617198][invo_alg_fid.h           ][WRN] FaceIdFeature[1]::load(/tmp/sense/faceid/faceid1.db) ...
[Thu Sep 15 19:45:31.375 2022] [2022-06-09 00:00:06.644701][rte_file.c               ][ERR] "cp /tmp/rte/mem_data_share/faceid1.db /tmp/sense/faceid//faceid1.db" failed, Resource temporarily unavailable
[Thu Sep 15 19:45:31.422 2022] [2022-06-09 00:00:06.646204][rte_alg.cpp              ][ERR] read faceid1_feature from memory[data] failed
[Thu Sep 15 19:45:31.422 2022] [2022-06-09 00:00:06.659862][rte_file.c               ][ERR] "cp /tmp/rte/mem_back_share/faceid1.db /tmp/sense/faceid//faceid1.db" failed, Resource temporarily unavailable
[Thu Sep 15 19:45:31.422 2022] [2022-06-09 00:00:06.661191][rte_alg.cpp              ][ERR] read faceid1_feature from memory[back] failed
[Thu Sep 15 19:45:31.422 2022] [2022-06-09 00:00:06.661574][invo_alg_fid.cpp         ][WRN] [fid1] init() success.
[Thu Sep 15 19:45:31.422 2022] [2022-06-09 00:00:06.661810][invo_alg_capture.cpp     ][WRN] [chn0:0] start() ...
[Thu Sep 15 19:45:31.422 2022] [2022-06-09 00:00:06.663535][rte_spi.cpp              ][WRN] ALG_FID1 [PAUSING]
[Thu Sep 15 19:45:31.422 2022] [2022-06-09 00:00:06.663847][rte_spi.cpp              ][WRN] ALG Active : SUCCESS
[Thu Sep 15 19:45:31.485 2022] [2022-06-09 00:00:06.664608][rte_thread.c             ][INF] rte_thread_create(alg_run_00) success: id=545989324944
[Thu Sep 15 19:45:31.485 2022] [2022-06-09 00:00:06.664627][invo_alg_capture.cpp     ][WRN] [chn1:0] start() ...
[Thu Sep 15 19:45:31.485 2022] [2022-06-09 00:00:06.664738][rte_thread.c             ][INF] rte_thread_create(alg_run_10) success: id=545980932240
[Thu Sep 15 19:45:31.485 2022] [2022-06-09 00:00:06.664750][invo_alg_capture.cpp     ][WRN] [chn2:0] start() ...
[Thu Sep 15 19:45:31.485 2022] [2022-06-09 00:00:06.664853][rte_thread.c             ][INF] rte_thread_create(alg_run_20) success: id=545972539536
[Thu Sep 15 19:45:31.485 2022] [2022-06-09 00:00:06.664865][invo_alg_capture.cpp     ][WRN] [chn3:0] start() ...
[Thu Sep 15 19:45:31.485 2022] [2022-06-09 00:00:06.664972][rte_thread.c             ][INF] rte_thread_create(alg_run_30) success: id=545964146832
[Thu Sep 15 19:45:31.532 2022] [2022-06-09 00:00:06.665025][invo_alg_common.cpp      ][INF] [dms0 RUNNING:    0 fps] bitmask[0000003c] cnt[  1] err[4616194020396236800] size[1600x1296] total[   0.0  B/s]
[Thu Sep 15 19:45:31.532 2022] [2022-06-09 00:00:06.665569][invo_alg_common.cpp      ][INF] [fid0 PAUSING:    0 fps] bitmask[00000000] cnt[  0] err[365072220160] size[   0x   0] total[   0.0  B/s]
[Thu Sep 15 19:45:31.532 2022] [2022-06-09 00:00:06.666044][invo_alg_common.cpp      ][INF] [fid1 PAUSING:    0 fps] bitmask[00000000] cnt[  0] err[365072220160] size[   0x   0] total[   0.0  B/s]
[Thu Sep 15 19:45:31.532 2022] [2022-06-09 00:00:06.666341][invo_alg_common.cpp      ][INF] [oms1 RUNNING:    0 fps] bitmask[0000068b] cnt[  0] err[365072220160] size[   0x   0] total[   0.0  B/s]
[Thu Sep 15 19:45:31.532 2022] [2022-06-09 00:00:06.666615][invo_alg_common.cpp      ][INF] [ges1 RUNNING:    0 fps] bitmask[00000003] cnt[  0] err[365072220160] size[   0x   0] total[   0.0  B/s]
[Thu Sep 15 19:45:31.579 2022] [2022-06-09 00:00:06.666952][invo_alg_common.cpp      ][INF] [oms2 RUNNING:    0 fps] bitmask[0000068b] cnt[  1] err[365072220160] size[1920x1080] total[   0.0  B/s]
[Thu Sep 15 19:45:31.579 2022] [2022-06-09 00:00:06.667225][invo_alg_common.cpp      ][INF] [ges2 RUNNING:    0 fps] bitmask[00000003] cnt[  0] err[365072220160] size[   0x   0] total[   0.0  B/s]
[Thu Sep 15 19:45:31.579 2022] [2022-06-09 00:00:06.667506][invo_alg_common.cpp      ][INF] [oms3 RUNNING:    0 fps] bitmask[0000068b] cnt[  1] err[365072220160] size[1920x1080] total[   0.0  B/s]
[Thu Sep 15 19:45:31.579 2022] [2022-06-09 00:00:06.667783][invo_alg_common.cpp      ][INF] [ges3 RUNNING:    0 fps] bitmask[00000003] cnt[  0] err[365072220160] size[   0x   0] total[   0.0  B/s]
[Thu Sep 15 19:45:31.579 2022] [2022-06-09 00:00:06.668204][invo_alg_common.cpp      ][INF] [dms0 RUNNING:    0 fps] bitmask[0000003c] cnt[  0] err[545460846592] size[1600x1296] total[   0.0  B/s]
[Thu Sep 15 19:45:31.641 2022] [2022-06-09 00:00:06.668894][invo_alg_common.cpp      ][INF] [fid0 PAUSING:    0 fps] bitmask[00000000] cnt[  0] err[365072220160] size[   0x   0] total[   0.0  B/s]
[Thu Sep 15 19:45:31.641 2022] [2022-06-09 00:00:06.669186][invo_alg_common.cpp      ][INF] [fid1 PAUSING:    0 fps] bitmask[00000000] cnt[  0] err[365072220160] size[1920x1080] total[   0.0  B/s]
[Thu Sep 15 19:45:31.641 2022] [2022-06-09 00:00:06.669564][invo_alg_common.cpp      ][INF] [oms1 RUNNING:  333 fps] bitmask[0000068b] cnt[  1] err[365072220160] size[1920x1080] total[   0.0  B/s]
[Thu Sep 15 19:45:31.641 2022] [2022-06-09 00:00:06.669887][invo_alg_common.cpp      ][INF] [ges1 RUNNING:    0 fps] bitmask[00000003] cnt[  0] err[365072220160] size[   0x   0] total[   0.0  B/s]
[Thu Sep 15 19:45:31.641 2022] [2022-06-09 00:00:06.670160][invo_alg_common.cpp      ][INF] [oms2 RUNNING:    0 fps] bitmask[0000068b] cnt[  0] err[365072220160] size[1920x1080] total[   0.0  B/s]
[Thu Sep 15 19:45:31.688 2022] [2022-06-09 00:00:06.670509][invo_alg_common.cpp      ][INF] [ges2 RUNNING:    0 fps] bitmask[00000003] cnt[  0] err[365072220160] size[   0x   0] total[   0.0  B/s]
[Thu Sep 15 19:45:31.688 2022] [2022-06-09 00:00:06.670772][invo_alg_common.cpp      ][INF] [oms3 RUNNING:    0 fps] bitmask[0000068b] cnt[  0] err[365072220160] size[1920x1080] total[   0.0  B/s]
[Thu Sep 15 19:45:31.688 2022] [2022-06-09 00:00:06.671249][invo_alg_common.cpp      ][INF] [ges3 RUNNING:    0 fps] bitmask[00000003] cnt[  0] err[365072220160] size[   0x   0] total[   0.0  B/s]
[Thu Sep 15 19:45:31.688 2022] [2022-06-09 00:00:06.835628][invo_phy.cpp             ][INF] DEV ETHNET : device[eth0] linked[1->1] sqi_value[10.1] sqi_level[5] break[0] 
[Thu Sep 15 19:45:31.688 2022] [2022-06-09 00:00:07.002825][invo_spi_srv.cpp         ][INF] CAM VOLTAGE: DMS0[12.52] OMS1[12.52] OMS2[12.56] OMS3[12.48]
[Thu Sep 15 19:45:31.735 2022] [2022-06-09 00:00:07.042816][invo_spi_srv.cpp         ][INF] ECU VOLTAGE: 3V3[3.39] 1V8[1.84] 1V2[1.23] 1V1[1.13] 5V0[5.02] 
[Thu Sep 15 19:45:31.735 2022] [2022-06-09 00:00:07.047585][invo_spi_srv.cpp         ][INF] MCU STATUS : NM[Normal] BUS[Normal] CAN[Silence] PWR[OFF] BAT[12.96V] 
[Thu Sep 15 19:45:31.735 2022] [2022-06-09 00:00:07.049072][rte_alg.cpp              ][WRN] on_spi_mcu_status power[4->0]
[Thu Sep 15 19:45:31.735 2022] [2022-06-09 00:00:07.049271][invo_alg_oms.cpp         ][WRN] oms chn[3] power[0]
[Thu Sep 15 19:45:31.735 2022] [2022-06-09 00:00:07.049274][invo_alg_common.cpp      ][INF] [dms0 RUNNING:   20 fps] bitmask[0000003c] cnt[  8] err[545460846592] size[1600x1296] total[   5.6 KB/s]
[Thu Sep 15 19:45:31.735 2022] [2022-06-09 00:00:07.049844][invo_alg_common.cpp      ][INF] [fid0 PAUSING:    0 fps] bitmask[00000000] cnt[  0] err[365072220160] size[1600x1296] total[   0.0  B/s]
[Thu Sep 15 19:45:31.782 2022] [2022-06-09 00:00:07.050165][invo_alg_common.cpp      ][INF] [fid1 PAUSING:    0 fps] bitmask[00000000] cnt[  0] err[365072220160] size[1920x1080] total[   0.0  B/s]
[Thu Sep 15 19:45:31.782 2022] [2022-06-09 00:00:07.050448][invo_alg_common.cpp      ][INF] [oms1 RUNNING:   10 fps] bitmask[0000068b] cnt[  4] err[365072220160] size[1920x1080] total[  14.1 KB/s]
[Thu Sep 15 19:45:31.782 2022] [2022-06-09 00:00:07.050743][invo_alg_common.cpp      ][INF] [ges1 RUNNING:   13 fps] bitmask[00000003] cnt[  5] err[365072220160] size[1920x1080] total[   1.4 KB/s]
[Thu Sep 15 19:45:31.782 2022] [2022-06-09 00:00:07.051242][invo_alg_common.cpp      ][INF] [oms2 RUNNING:   10 fps] bitmask[0000068b] cnt[  4] err[365072220160] size[1920x1080] total[  14.1 KB/s]
[Thu Sep 15 19:45:31.782 2022] [2022-06-09 00:00:07.051584][invo_alg_common.cpp      ][INF] [ges2 RUNNING:   13 fps] bitmask[00000003] cnt[  5] err[365072220160] size[1920x1080] total[   1.4 KB/s]
[Thu Sep 15 19:45:31.813 2022] [2022-06-09 00:00:07.051878][invo_alg_common.cpp      ][INF] [oms3 RUNNING:   15 fps] bitmask[0000068b] cnt[  6] err[365072220160] size[1920x1080] total[  19.7 KB/s]
[Thu Sep 15 19:45:31.813 2022] [2022-06-09 00:00:07.052143][invo_alg_common.cpp      ][INF] [ges3 RUNNING:   18 fps] bitmask[00000003] cnt[  7] err[365072220160] size[1920x1080] total[   1.7 KB/s]
[Thu Sep 15 19:45:31.813 2022] [2022-06-09 00:00:07.058919][invo_spi_srv.cpp         ][INF] MCU SYSTIME: [0000/00/00 00:00:00] is invalid!
[Thu Sep 15 19:45:31.813 2022] [2022-06-09 00:00:07.071068][invo_alg_oms.cpp         ][WRN] oms chn[1] power[0]
[Thu Sep 15 19:45:31.813 2022] [2022-06-09 00:00:07.079606][invo_alg_oms.cpp         ][WRN] oms chn[2] power[0]
[Thu Sep 15 19:45:31.813 2022] [2022-06-09 00:00:07.424402][invo_camera_dev.cpp      ][INF] vinc[00] NORMAL  vsrc[01] ENA|ACT sen[OK] ser[OK] des[OK] vol[OK] lock[OK] errb[OK]
[Thu Sep 15 19:45:31.860 2022] [2022-06-09 00:00:07.435421][invo_camera_dev.cpp      ][INF] vinc[00] NORMAL  vsrc[02] ENA|ACT sen[OK] ser[OK] des[OK] vol[OK] lock[OK] errb[OK]
[Thu Sep 15 19:45:31.860 2022] [2022-06-09 00:00:07.444417][invo_camera_dev.cpp      ][INF] vinc[00] NORMAL  vsrc[03] ENA|ACT sen[OK] ser[OK] des[OK] vol[OK] lock[OK] errb[OK]
[Thu Sep 15 19:45:31.860 2022] [2022-06-09 00:00:07.447451][invo_camera_dev.cpp      ][INF] vinc[01] NORMAL  vsrc[00] ENA|ACT sen[OK] ser[OK] des[OK] vol[OK] lock[OK] errb[OK]
[Thu Sep 15 19:45:31.860 2022] [2022-06-09 00:00:08.003646][invo_spi_srv.cpp         ][INF] CAM VOLTAGE: DMS0[12.52] OMS1[12.52] OMS2[12.52] OMS3[12.48]
[Thu Sep 15 19:45:31.860 2022] [2022-06-09 00:00:08.044597][invo_spi_srv.cpp         ][INF] MCU STATUS : NM[Normal] BUS[Normal] CAN[Silence] PWR[OFF] BAT[12.96V] 
[Thu Sep 15 19:45:31.891 2022] [2022-06-09 00:00:08.049285][invo_spi_srv.cpp         ][INF] MCU SYSTIME: [0000/00/00 00:00:00] is invalid!
[Thu Sep 15 19:45:31.891 2022] [2022-06-09 00:00:08.306705][rte_monitor.cpp          ][INF] SYS MEMORY : Total[977.5MB] Free[162.5MB] Avai[242.3MB] Cach[83.9MB]
[Thu Sep 15 19:45:31.891 2022] [2022-06-09 00:00:08.309105][rte_monitor.cpp          ][INF] CPU OCCUPY : Total[38%] Cpu0[39%] Cpu1[42%] Cpu2[36%]
[Thu Sep 15 19:45:31.891 2022] [2022-06-09 00:00:08.465410][invo_camera_dev.cpp      ][INF] vinc[00] NORMAL  vsrc[01] ENA|ACT sen[OK] ser[OK] des[OK] vol[OK] lock[OK] errb[OK]
[Thu Sep 15 19:45:31.891 2022] [2022-06-09 00:00:08.474407][invo_camera_dev.cpp      ][INF] vinc[00] NORMAL  vsrc[02] ENA|ACT sen[OK] ser[OK] des[OK] vol[OK] lock[OK] errb[OK]
[Thu Sep 15 19:45:31.891 2022] [2022-06-09 00:00:08.501408][invo_camera_dev.cpp      ][INF] vinc[00] NORMAL  vsrc[03] ENA|ACT sen[OK] ser[OK] des[OK] vol[OK] lock[OK] errb[OK]
[Thu Sep 15 19:45:31.922 2022] [2022-06-09 00:00:08.505074][invo_camera_dev.cpp      ][INF] vinc[01] NORMAL  vsrc[00] ENA|ACT sen[OK] ser[OK] des[OK] vol[OK] lock[OK] errb[OK]
[Thu Sep 15 19:45:31.922 2022] [2022-06-09 00:00:08.506210][rte_socket_client.c      ][ERR] getsockopt(192.168.100.1:8899) failed, error = 113, Operation now in progress
[Thu Sep 15 19:45:31.922 2022] [2022-06-09 00:00:09.002712][invo_spi_srv.cpp         ][INF] CAM VOLTAGE: DMS0[12.52] OMS1[12.52] OMS2[12.56] OMS3[12.48]
[Thu Sep 15 19:45:31.922 2022] [2022-06-09 00:00:09.048774][invo_spi_srv.cpp         ][INF] ECU VOLTAGE: 3V3[3.39] 1V8[1.84] 1V2[1.23] 1V1[1.13] 5V0[5.02] 
[Thu Sep 15 19:45:31.922 2022] [2022-06-09 00:00:09.054437][invo_alg_common.cpp      ][INF] [dms0 RUNNING:   24 fps] bitmask[0000003c] cnt[ 50] err[545460846592] size[1600x1296] total[   5.9 KB/s]
[Thu Sep 15 19:45:31.985 2022] [2022-06-09 00:00:09.055396][invo_alg_common.cpp      ][INF] [fid0 PAUSING:    0 fps] bitmask[00000000] cnt[  0] err[365072220160] size[1600x1296] total[   0.0  B/s]
[Thu Sep 15 19:45:31.985 2022] [2022-06-09 00:00:09.055703][invo_alg_common.cpp      ][INF] [fid1 PAUSING:    0 fps] bitmask[00000000] cnt[  0] err[365072220160] size[1920x1080] total[   0.0  B/s]
[Thu Sep 15 19:45:31.985 2022] [2022-06-09 00:00:09.056023][invo_alg_common.cpp      ][INF] [oms1 RUNNING:   23 fps] bitmask[0000068b] cnt[ 48] err[365072220160] size[1920x1080] total[  25.7 KB/s]
[Thu Sep 15 19:45:31.985 2022] [2022-06-09 00:00:09.056304][invo_alg_common.cpp      ][INF] [ges1 RUNNING:   23 fps] bitmask[00000003] cnt[ 48] err[365072220160] size[1920x1080] total[   2.5 KB/s]
[Thu Sep 15 19:45:31.985 2022] [2022-06-09 00:00:09.056589][invo_alg_common.cpp      ][INF] [oms2 RUNNING:   22 fps] bitmask[0000068b] cnt[ 46] err[365072220160] size[1920x1080] total[  24.6 KB/s]
[Thu Sep 15 19:45:32.032 2022] [2022-06-09 00:00:09.056903][invo_alg_common.cpp      ][INF] [ges2 RUNNING:   22 fps] bitmask[00000003] cnt[ 46] err[365072220160] size[1920x1080] total[   2.4 KB/s]
[Thu Sep 15 19:45:32.032 2022] [2022-06-09 00:00:09.057182][invo_alg_common.cpp      ][INF] [oms3 RUNNING:   22 fps] bitmask[0000068b] cnt[ 46] err[365072220160] size[1920x1080] total[  24.6 KB/s]
[Thu Sep 15 19:45:32.032 2022] [2022-06-09 00:00:09.057477][invo_alg_common.cpp      ][INF] [ges3 RUNNING:   22 fps] bitmask[00000003] cnt[ 46] err[365072220160] size[1920x1080] total[   3.8 KB/s]
[Thu Sep 15 19:45:32.032 2022] [2022-06-09 00:00:09.058157][invo_spi_srv.cpp         ][INF] MCU STATUS : NM[Normal] BUS[Normal] CAN[Silence] PWR[OFF] BAT[12.92V] 
[Thu Sep 15 19:45:32.032 2022] [2022-06-09 00:00:09.065419][invo_spi_srv.cpp         ][INF] MCU SYSTIME: [0000/00/00 00:00:00] is invalid!
[Thu Sep 15 19:45:32.032 2022] [2022-06-09 00:00:09.515472][invo_camera_dev.cpp      ][INF] vinc[00] NORMAL  vsrc[01] ENA|ACT sen[OK] ser[OK] des[OK] vol[OK] lock[OK] errb[OK]
[Thu Sep 15 19:45:32.063 2022] [2022-06-09 00:00:09.525406][invo_camera_dev.cpp      ][INF] vinc[00] NORMAL  vsrc[02] ENA|ACT sen[OK] ser[OK] des[OK] vol[OK] lock[OK] errb[OK]
[Thu Sep 15 19:45:32.063 2022] [2022-06-09 00:00:09.534397][invo_camera_dev.cpp      ][INF] vinc[00] NORMAL  vsrc[03] ENA|ACT sen[OK] ser[OK] des[OK] vol[OK] lock[OK] errb[OK]
[Thu Sep 15 19:45:32.063 2022] [2022-06-09 00:00:09.536250][invo_camera_dev.cpp      ][INF] vinc[01] NORMAL  vsrc[00] ENA|ACT sen[OK] ser[OK] des[OK] vol[OK] lock[OK] errb[OK]
[Thu Sep 15 19:45:32.063 2022] [2022-06-09 00:00:09.702150][invo_phy.cpp             ][INF] DEV ETHNET : device[eth0] linked[1->1] sqi_value[10.2] sqi_level[5] break[0] 
[Thu Sep 15 19:45:32.063 2022] [2022-06-09 00:00:10.003321][invo_spi_srv.cpp         ][INF] CAM VOLTAGE: DMS0[12.56] OMS1[12.52] OMS2[12.56] OMS3[12.48]
[Thu Sep 15 19:45:32.094 2022] [2022-06-09 00:00:10.047727][invo_spi_srv.cpp         ][INF] MCU STATUS : NM[Normal] BUS[Normal] CAN[Silence] PWR[OFF] BAT[12.92V] 
[Thu Sep 15 19:45:32.094 2022] [2022-06-09 00:00:10.054649][invo_spi_srv.cpp         ][INF] MCU SYSTIME: [0000/00/00 00:00:00] is invalid!
[Thu Sep 15 19:45:32.094 2022] [2022-06-09 00:00:10.306432][rte_monitor.cpp          ][INF] SYS MEMORY : Total[977.5MB] Free[161.9MB] Avai[241.8MB] Cach[83.9MB]
[Thu Sep 15 19:45:32.094 2022] [2022-06-09 00:00:10.309886][rte_monitor.cpp          ][INF] CPU OCCUPY : Total[34%] Cpu0[37%] Cpu1[37%] Cpu2[31%]
[Thu Sep 15 19:45:32.094 2022] [2022-06-09 00:00:10.546402][invo_camera_dev.cpp      ][INF] vinc[00] NORMAL  vsrc[01] ENA|ACT sen[OK] ser[OK] des[OK] vol[OK] lock[OK] errb[OK]
[Thu Sep 15 19:45:32.094 2022] [2022-06-09 00:00:10.558408][invo_camera_dev.cpp      ][INF] vinc[00] NORMAL  vsrc[02] ENA|ACT sen[OK] ser[OK] des[OK] vol[OK] lock[OK] errb[OK]
[Thu Sep 15 19:45:32.125 2022] [2022-06-09 00:00:10.576409][invo_camera_dev.cpp      ][INF] vinc[00] NORMAL  vsrc[03] ENA|ACT sen[OK] ser[OK] des[OK] vol[OK] lock[OK] errb[OK]
[Thu Sep 15 19:45:32.125 2022] [2022-06-09 00:00:10.579832][invo_camera_dev.cpp      ][INF] vinc[01] NORMAL  vsrc[00] ENA|ACT sen[OK] ser[OK] des[OK] vol[OK] lock[OK] errb[OK]
[Thu Sep 15 19:45:32.125 2022] [2022-06-09 00:00:11.001684][invo_spi_srv.cpp         ][INF] CAM VOLTAGE: DMS0[12.52] OMS1[12.48] OMS2[12.56] OMS3[12.48]
[Thu Sep 15 19:45:32.125 2022] [2022-06-09 00:00:11.054688][invo_spi_srv.cpp         ][INF] ECU VOLTAGE: 3V3[3.39] 1V8[1.84] 1V2[1.23] 1V1[1.13] 5V0[5.02] 
[Thu Sep 15 19:45:32.125 2022] [2022-06-09 00:00:11.058895][invo_alg_common.cpp      ][INF] [dms0 RUNNING:   24 fps] bitmask[0000003c] cnt[ 50] err[545460846592] size[1600x1296] total[   5.9 KB/s]
[Thu Sep 15 19:45:32.157 2022] [2022-06-09 00:00:11.059317][invo_alg_common.cpp      ][INF] [fid0 PAUSING:    0 fps] bitmask[00000000] cnt[  0] err[365072220160] size[1600x1296] total[   0.0  B/s]
[Thu Sep 15 19:45:32.157 2022] [2022-06-09 00:00:11.059766][invo_alg_common.cpp      ][INF] [fid1 PAUSING:    0 fps] bitmask[00000000] cnt[  0] err[365072220160] size[1920x1080] total[   0.0  B/s]
[Thu Sep 15 19:45:32.157 2022] [2022-06-09 00:00:11.060172][invo_alg_common.cpp      ][INF] [oms1 RUNNING:   23 fps] bitmask[0000068b] cnt[ 48] err[365072220160] size[1920x1080] total[  25.7 KB/s]
[Thu Sep 15 19:45:32.157 2022] [2022-06-09 00:00:11.060485][invo_alg_common.cpp      ][INF] [ges1 RUNNING:   23 fps] bitmask[00000003] cnt[ 48] err[365072220160] size[1920x1080] total[   2.7 KB/s]
[Thu Sep 15 19:45:32.157 2022] [2022-06-09 00:00:11.060749][invo_alg_common.cpp      ][INF] [oms2 RUNNING:   22 fps] bitmask[0000068b] cnt[ 45] err[365072220160] size[1920x1080] total[  24.1 KB/s]
[Thu Sep 15 19:45:32.188 2022] [2022-06-09 00:00:11.061053][invo_alg_common.cpp      ][INF] [ges2 RUNNING:   22 fps] bitmask[00000003] cnt[ 45] err[365072220160] size[1920x1080] total[   2.5 KB/s]
[Thu Sep 15 19:45:32.188 2022] [2022-06-09 00:00:11.061330][invo_alg_common.cpp      ][INF] [oms3 RUNNING:   22 fps] bitmask[0000068b] cnt[ 45] err[365072220160] size[1920x1080] total[  24.1 KB/s]
[Thu Sep 15 19:45:32.188 2022] [2022-06-09 00:00:11.061465][invo_spi_srv.cpp         ][INF] MCU STATUS : NM[Normal] BUS[Normal] CAN[Silence] PWR[OFF] BAT[12.92V] 
[Thu Sep 15 19:45:32.188 2022] [2022-06-09 00:00:11.061609][invo_alg_common.cpp      ][INF] [ges3 RUNNING:   22 fps] bitmask[00000003] cnt[ 45] err[365072220160] size[1920x1080] total[   2.5 KB/s]
[Thu Sep 15 19:45:32.188 2022] [2022-06-09 00:00:11.068058][invo_spi_srv.cpp         ][INF] MCU SYSTIME: [0000/00/00 00:00:00] is invalid!
[Thu Sep 15 19:45:32.188 2022] [2022-06-09 00:00:11.578074][rte_socket_client.c      ][ERR] getsockopt(192.168.100.1:8899) failed, error = 113, Operation now in progress
[Thu Sep 15 19:45:32.219 2022] [2022-06-09 00:00:11.589398][invo_camera_dev.cpp      ][INF] vinc[00] NORMAL  vsrc[01] ENA|ACT sen[OK] ser[OK] des[OK] vol[OK] lock[OK] errb[OK]
[Thu Sep 15 19:45:32.219 2022] [2022-06-09 00:00:11.598413][invo_camera_dev.cpp      ][INF] vinc[00] NORMAL  vsrc[02] ENA|ACT sen[OK] ser[OK] des[OK] vol[OK] lock[OK] errb[OK]
[Thu Sep 15 19:45:32.219 2022] [2022-06-09 00:00:11.625436][invo_camera_dev.cpp      ][INF] vinc[00] NORMAL  vsrc[03] ENA|ACT sen[OK] ser[OK] des[OK] vol[OK] lock[OK] errb[OK]
[Thu Sep 15 19:45:32.219 2022] [2022-06-09 00:00:11.628844][invo_camera_dev.cpp      ][INF] vinc[01] NORMAL  vsrc[00] ENA|ACT sen[OK] ser[OK] des[OK] vol[OK] lock[OK] errb[OK]
[Thu Sep 15 19:45:32.219 2022] [2022-06-09 00:00:12.002338][invo_spi_srv.cpp         ][INF] CAM VOLTAGE: DMS0[12.52] OMS1[12.48] OMS2[12.56] OMS3[12.48]
[Thu Sep 15 19:45:32.250 2022] [2022-06-09 00:00:12.058869][invo_spi_srv.cpp         ][INF] MCU STATUS : NM[Normal] BUS[Normal] CAN[Silence] PWR[OFF] BAT[12.92V] 
[Thu Sep 15 19:45:32.250 2022] [2022-06-09 00:00:12.065416][invo_spi_srv.cpp         ][INF] MCU SYSTIME: [0000/00/00 00:00:00] is invalid!
[Thu Sep 15 19:45:32.250 2022] [2022-06-09 00:00:12.306193][rte_monitor.cpp          ][INF] SYS MEMORY : Total[977.5MB] Free[161.6MB] Avai[241.5MB] Cach[83.9MB]
[Thu Sep 15 19:45:32.250 2022] [2022-06-09 00:00:12.309736][rte_monitor.cpp          ][INF] CPU OCCUPY : Total[27%] Cpu0[31%] Cpu1[25%] Cpu2[27%]
[Thu Sep 15 19:45:32.250 2022] [2022-06-09 00:00:12.562613][invo_phy.cpp             ][INF] DEV ETHNET : device[eth0] linked[1->1] sqi_value[10.2] sqi_level[5] break[0] 
[Thu Sep 15 19:45:32.250 2022] [2022-06-09 00:00:12.646428][invo_camera_dev.cpp      ][INF] vinc[00] NORMAL  vsrc[01] ENA|ACT sen[OK] ser[OK] des[OK] vol[OK] lock[OK] errb[OK]
[Thu Sep 15 19:45:32.282 2022] [2022-06-09 00:00:12.674668][invo_camera_dev.cpp      ][INF] vinc[00] NORMAL  vsrc[02] ENA|ACT sen[OK] ser[OK] des[OK] vol[OK] lock[OK] errb[OK]
[Thu Sep 15 19:45:32.282 2022] [2022-06-09 00:00:12.683576][invo_camera_dev.cpp      ][INF] vinc[00] NORMAL  vsrc[03] ENA|ACT sen[OK] ser[OK] des[OK] vol[OK] lock[OK] errb[OK]
[Thu Sep 15 19:45:32.282 2022] [2022-06-09 00:00:12.685919][invo_camera_dev.cpp      ][INF] vinc[01] NORMAL  vsrc[00] ENA|ACT sen[OK] ser[OK] des[OK] vol[OK] lock[OK] errb[OK]
[Thu Sep 15 19:45:32.282 2022] [2022-06-09 00:00:13.002551][invo_spi_srv.cpp         ][INF] CAM VOLTAGE: DMS0[12.52] OMS1[12.52] OMS2[12.56] OMS3[12.48]
[Thu Sep 15 19:45:32.282 2022] [2022-06-09 00:00:13.061016][invo_spi_srv.cpp         ][INF] ECU VOLTAGE: 3V3[3.39] 1V8[1.84] 1V2[1.23] 1V1[1.13] 5V0[5.02] 
[Thu Sep 15 19:45:32.328 2022] [2022-06-09 00:00:13.063883][invo_alg_common.cpp      ][INF] [dms0 RUNNING:   25 fps] bitmask[0000003c] cnt[ 51] err[545460846592] size[1600x1296] total[   6.0 KB/s]
[Thu Sep 15 19:45:32.328 2022] [2022-06-09 00:00:13.064341][invo_alg_common.cpp      ][INF] [fid0 PAUSING:    0 fps] bitmask[00000000] cnt[  0] err[365072220160] size[1600x1296] total[   0.0  B/s]
[Thu Sep 15 19:45:32.328 2022] [2022-06-09 00:00:13.064625][invo_alg_common.cpp      ][INF] [fid1 PAUSING:    0 fps] bitmask[00000000] cnt[  0] err[365072220160] size[1920x1080] total[   0.0  B/s]
[Thu Sep 15 19:45:32.328 2022] [2022-06-09 00:00:13.064969][invo_alg_common.cpp      ][INF] [oms1 RUNNING:   23 fps] bitmask[0000068b] cnt[ 48] err[365072220160] size[1920x1080] total[  25.7 KB/s]
[Thu Sep 15 19:45:32.328 2022] [2022-06-09 00:00:13.065253][invo_alg_common.cpp      ][INF] [ges1 RUNNING:   23 fps] bitmask[00000003] cnt[ 48] err[365072220160] size[1920x1080] total[   2.6 KB/s]
[Thu Sep 15 19:45:32.360 2022] [2022-06-09 00:00:13.065536][invo_alg_common.cpp      ][INF] [oms2 RUNNING:   22 fps] bitmask[0000068b] cnt[ 45] err[365072220160] size[1920x1080] total[  24.1 KB/s]
[Thu Sep 15 19:45:32.360 2022] [2022-06-09 00:00:13.065842][invo_alg_common.cpp      ][INF] [ges2 RUNNING:   22 fps] bitmask[00000003] cnt[ 45] err[365072220160] size[1920x1080] total[   2.4 KB/s]
[Thu Sep 15 19:45:32.360 2022] [2022-06-09 00:00:13.066138][invo_alg_common.cpp      ][INF] [oms3 RUNNING:   22 fps] bitmask[0000068b] cnt[ 45] err[365072220160] size[1920x1080] total[  24.1 KB/s]
[Thu Sep 15 19:45:32.360 2022] [2022-06-09 00:00:13.066494][invo_alg_common.cpp      ][INF] [ges3 RUNNING:   22 fps] bitmask[00000003] cnt[ 45] err[365072220160] size[1920x1080] total[   3.0 KB/s]
[Thu Sep 15 19:45:32.360 2022] [2022-06-09 00:00:13.068449][invo_spi_srv.cpp         ][INF] MCU STATUS : NM[Normal] BUS[Normal] CAN[Silence] PWR[OFF] BAT[12.96V] 
[Thu Sep 15 19:45:32.391 2022] [2022-06-09 00:00:13.076141][invo_spi_srv.cpp         ][INF] MCU SYSTIME: [0000/00/00 00:00:00] is invalid!
[Thu Sep 15 19:45:32.391 2022] [2022-06-09 00:00:13.707463][invo_camera_dev.cpp      ][INF] vinc[00] NORMAL  vsrc[01] ENA|ACT sen[OK] ser[OK] des[OK] vol[OK] lock[OK] errb[OK]
[Thu Sep 15 19:45:32.391 2022] [2022-06-09 00:00:13.717447][invo_camera_dev.cpp      ][INF] vinc[00] NORMAL  vsrc[02] ENA|ACT sen[OK] ser[OK] des[OK] vol[OK] lock[OK] errb[OK]
[Thu Sep 15 19:45:32.391 2022] [2022-06-09 00:00:13.747453][invo_camera_dev.cpp      ][INF] vinc[00] NORMAL  vsrc[03] ENA|ACT sen[OK] ser[OK] des[OK] vol[OK] lock[OK] errb[OK]
[Thu Sep 15 19:45:32.391 2022] [2022-06-09 00:00:13.751992][invo_camera_dev.cpp      ][INF] vinc[01] NORMAL  vsrc[00] ENA|ACT sen[OK] ser[OK] des[OK] vol[OK] lock[OK] errb[OK]
[Thu Sep 15 19:45:32.391 2022] [2022-06-09 00:00:14.003036][invo_spi_srv.cpp         ][INF] CAM VOLTAGE: DMS0[12.52] OMS1[12.52] OMS2[12.56] OMS3[12.48]
[Thu Sep 15 19:45:32.422 2022] [2022-06-09 00:00:14.065454][invo_spi_srv.cpp         ][INF] MCU STATUS : NM[Normal] BUS[Normal] CAN[Silence] PWR[OFF] BAT[12.96V] 
[Thu Sep 15 19:45:32.422 2022] [2022-06-09 00:00:14.072273][invo_spi_srv.cpp         ][INF] MCU SYSTIME: [0000/00/00 00:00:00] is invalid!
[Thu Sep 15 19:45:32.422 2022] [2022-06-09 00:00:14.306194][rte_monitor.cpp          ][INF] SYS MEMORY : Total[977.5MB] Free[161.7MB] Avai[241.6MB] Cach[83.9MB]
[Thu Sep 15 19:45:32.422 2022] [2022-06-09 00:00:14.309588][rte_monitor.cpp          ][INF] CPU OCCUPY : Total[27%] Cpu0[29%] Cpu1[25%] Cpu2[27%]
[Thu Sep 15 19:45:32.422 2022] [2022-06-09 00:00:14.650499][rte_socket_client.c      ][ERR] getsockopt(192.168.100.1:8899) failed, error = 113, Operation now in progress
[Thu Sep 15 19:45:32.422 2022] [2022-06-09 00:00:14.775458][invo_camera_dev.cpp      ][INF] vinc[00] NORMAL  vsrc[01] ENA|ACT sen[OK] ser[OK] des[OK] vol[OK] lock[OK] errb[OK]
[Thu Sep 15 19:45:32.453 2022] [2022-06-09 00:00:14.797203][invo_camera_dev.cpp      ][INF] vinc[00] NORMAL  vsrc[02] ENA|ACT sen[OK] ser[OK] des[OK] vol[OK] lock[OK] errb[OK]
[Thu Sep 15 19:45:32.453 2022] [2022-06-09 00:00:14.806403][invo_camera_dev.cpp      ][INF] vinc[00] NORMAL  vsrc[03] ENA|ACT sen[OK] ser[OK] des[OK] vol[OK] lock[OK] errb[OK]
[Thu Sep 15 19:45:32.453 2022] [2022-06-09 00:00:14.808301][invo_camera_dev.cpp      ][INF] vinc[01] NORMAL  vsrc[00] ENA|ACT sen[OK] ser[OK] des[OK] vol[OK] lock[OK] errb[OK]
[Thu Sep 15 19:45:32.453 2022] [2022-06-09 00:00:15.003598][invo_spi_srv.cpp         ][INF] CAM VOLTAGE: DMS0[12.52] OMS1[12.52] OMS2[12.56] OMS3[12.48]
[Thu Sep 15 19:45:32.453 2022] [2022-06-09 00:00:15.067435][invo_alg_common.cpp      ][INF] [dms0 RUNNING:   24 fps] bitmask[0000003c] cnt[ 50] err[545460846592] size[1600x1296] total[   5.9 KB/s]
[Thu Sep 15 19:45:32.485 2022] [2022-06-09 00:00:15.068092][invo_alg_common.cpp      ][INF] [fid0 PAUSING:    0 fps] bitmask[00000000] cnt[  0] err[365072220160] size[1600x1296] total[   0.0  B/s]
[Thu Sep 15 19:45:32.485 2022] [2022-06-09 00:00:15.068375][invo_alg_common.cpp      ][INF] [fid1 PAUSING:    0 fps] bitmask[00000000] cnt[  0] err[365072220160] size[1920x1080] total[   0.0  B/s]
[Thu Sep 15 19:45:32.485 2022] [2022-06-09 00:00:15.068685][invo_alg_common.cpp      ][INF] [oms1 RUNNING:   22 fps] bitmask[0000068b] cnt[ 45] err[365072220160] size[1920x1080] total[  24.1 KB/s]
[Thu Sep 15 19:45:32.485 2022] [2022-06-09 00:00:15.068986][invo_alg_common.cpp      ][INF] [ges1 RUNNING:   22 fps] bitmask[00000003] cnt[ 45] err[365072220160] size[1920x1080] total[   2.4 KB/s]
[Thu Sep 15 19:45:32.485 2022] [2022-06-09 00:00:15.069459][invo_alg_common.cpp      ][INF] [oms2 RUNNING:   21 fps] bitmask[0000068b] cnt[ 43] err[365072220160] size[1920x1080] total[  23.0 KB/s]
[Thu Sep 15 19:45:32.516 2022] [2022-06-09 00:00:15.069740][invo_alg_common.cpp      ][INF] [ges2 RUNNING:   21 fps] bitmask[00000003] cnt[ 43] err[365072220160] size[1920x1080] total[   2.3 KB/s]
[Thu Sep 15 19:45:32.516 2022] [2022-06-09 00:00:15.070112][invo_alg_common.cpp      ][INF] [oms3 RUNNING:   21 fps] bitmask[0000068b] cnt[ 43] err[365072220160] size[1920x1080] total[  23.0 KB/s]
[Thu Sep 15 19:45:32.516 2022] [2022-06-09 00:00:15.070398][invo_alg_common.cpp      ][INF] [ges3 RUNNING:   21 fps] bitmask[00000003] cnt[ 43] err[365072220160] size[1920x1080] total[   2.9 KB/s]
[Thu Sep 15 19:45:32.516 2022] [2022-06-09 00:00:15.070613][invo_spi_srv.cpp         ][INF] ECU VOLTAGE: 3V3[3.39] 1V8[1.84] 1V2[1.23] 1V1[1.13] 5V0[5.02] 
[Thu Sep 15 19:45:32.516 2022] [2022-06-09 00:00:15.077413][invo_spi_srv.cpp         ][INF] MCU STATUS : NM[Normal] BUS[Normal] CAN[Silence] PWR[OFF] BAT[12.96V] 
[Thu Sep 15 19:45:32.547 2022] [2022-06-09 00:00:15.083992][invo_spi_srv.cpp         ][INF] MCU SYSTIME: [0000/00/00 00:00:00] is invalid!
[Thu Sep 15 19:45:32.547 2022] [2022-06-09 00:00:15.434322][invo_phy.cpp             ][INF] DEV ETHNET : device[eth0] linked[1->1] sqi_value[10.2] sqi_level[5] break[0] 
[Thu Sep 15 19:45:32.547 2022] [2022-06-09 00:00:15.484539][invo_spi_tp_if.cpp       ][WRN] [TX] [cnt= 239] [nul=  50] [err=   0] [len=  56] [que=   5] Timer[10s]
[Thu Sep 15 19:45:32.547 2022] [2022-06-09 00:00:15.484594][invo_spi_tp_if.cpp       ][WRN] [RX] [cnt=  65] [nul= 224] [err=   0] [len=  20] [que=   0] Timer[10s]
[Thu Sep 15 19:45:32.547 2022] [2022-06-09 00:00:15.827472][invo_camera_dev.cpp      ][INF] vinc[00] NORMAL  vsrc[01] ENA|ACT sen[OK] ser[OK] des[OK] vol[OK] lock[OK] errb[OK]
[Thu Sep 15 19:45:32.547 2022] [2022-06-09 00:00:15.838470][invo_camera_dev.cpp      ][INF] vinc[00] NORMAL  vsrc[02] ENA|ACT sen[OK] ser[OK] des[OK] vol[OK] lock[OK] errb[OK]
[Thu Sep 15 19:45:32.578 2022] [2022-06-09 00:00:15.847868][invo_camera_dev.cpp      ][INF] vinc[00] NORMAL  vsrc[03] ENA|ACT sen[OK] ser[OK] des[OK] vol[OK] lock[OK] errb[OK]
[Thu Sep 15 19:45:32.578 2022] [2022-06-09 00:00:15.851752][invo_camera_dev.cpp      ][INF] vinc[01] NORMAL  vsrc[00] ENA|ACT sen[OK] ser[OK] des[OK] vol[OK] lock[OK] errb[OK]
[Thu Sep 15 19:45:32.578 2022] [2022-06-09 00:00:16.004814][invo_spi_srv.cpp         ][INF] CAM VOLTAGE: DMS0[12.52] OMS1[12.52] OMS2[12.56] OMS3[12.48]
[Thu Sep 15 19:45:32.578 2022] [2022-06-09 00:00:16.071677][invo_spi_srv.cpp         ][INF] MCU STATUS : NM[Normal] BUS[Normal] CAN[Silence] PWR[OFF] BAT[12.96V] 
[Thu Sep 15 19:45:32.578 2022] [2022-06-09 00:00:16.079152][invo_spi_srv.cpp         ][INF] MCU SYSTIME: [0000/00/00 00:00:00] is invalid!
[Thu Sep 15 19:45:32.578 2022] [2022-06-09 00:00:16.307018][rte_monitor.cpp          ][INF] SYS MEMORY : Total[977.5MB] Free[161.8MB] Avai[241.7MB] Cach[83.9MB]
[Thu Sep 15 19:45:32.625 2022] [2022-06-09 00:00:16.309414][rte_monitor.cpp          ][INF] CPU OCCUPY : Total[27%] Cpu0[29%] Cpu1[27%] Cpu2[26%]
[Thu Sep 15 19:45:32.625 2022] [2022-06-09 00:00:16.400333][rte_monitor.cpp          ][INF] Name                       Pid    VmPeak    VmSize     VmHWM     VmRSS    VmData     VmStk     VmExe     VmLib   Threads
[Thu Sep 15 19:45:32.625 2022] [2022-06-09 00:00:16.400370][rte_monitor.cpp          ][INF] invo_app_system            390    399676    399640     10804     10804     51212       132       100     17332         6
[Thu Sep 15 19:45:32.625 2022] [2022-06-09 00:00:16.400392][rte_monitor.cpp          ][INF] invo_app_com               455    941272    941272     11336     11336    135980       132        88     16620        16
[Thu Sep 15 19:45:32.625 2022] [2022-06-09 00:00:16.400408][rte_monitor.cpp          ][INF] invo_app_ota               545    465952    400416      8700      8700     50624       132        96     19084         7
[Thu Sep 15 19:45:32.657 2022] [2022-06-09 00:00:16.400424][rte_monitor.cpp          ][INF] invo_app_memory            456    598188    540848      6108      6108     66880       132        12     13096         7
[Thu Sep 15 19:45:32.657 2022] [2022-06-09 00:00:16.400472][rte_monitor.cpp          ][INF] invo_app_device            457    765460    765424      7172      7168     92040       132        84     15976        10
[Thu Sep 15 19:45:32.657 2022] [2022-06-09 00:00:16.400488][rte_monitor.cpp          ][INF] invo_app_record            546    819384    753848      4272      4272     83660       132        12     13096         8
[Thu Sep 15 19:45:32.657 2022] [2022-06-09 00:00:16.400503][rte_monitor.cpp          ][INF] invo_app_vision            459   2955996   2926680     88144     88144    430944       132       120     47176        43
[Thu Sep 15 19:45:32.688 2022] [2022-06-09 00:00:16.400519][rte_monitor.cpp          ][INF] invo_app_update            458    382308    316772      9876      9876     34008       132        52     17268         4
[Thu Sep 15 19:45:32.688 2022] [2022-06-09 00:00:16.862407][invo_camera_dev.cpp      ][INF] vinc[00] NORMAL  vsrc[01] ENA|ACT sen[OK] ser[OK] des[OK] vol[OK] lock[OK] errb[OK]
[Thu Sep 15 19:45:32.688 2022] [2022-06-09 00:00:16.871408][invo_camera_dev.cpp      ][INF] vinc[00] NORMAL  vsrc[02] ENA|ACT sen[OK] ser[OK] des[OK] vol[OK] lock[OK] errb[OK]
[Thu Sep 15 19:45:32.688 2022] [2022-06-09 00:00:16.880429][invo_camera_dev.cpp      ][INF] vinc[00] NORMAL  vsrc[03] ENA|ACT sen[OK] ser[OK] des[OK] vol[OK] lock[OK] errb[OK]
[Thu Sep 15 19:45:32.688 2022] [2022-06-09 00:00:16.883973][invo_camera_dev.cpp      ][INF] vinc[01] NORMAL  vsrc[00] ENA|ACT sen[OK] ser[OK] des[OK] vol[OK] lock[OK] errb[OK]
[Thu Sep 15 19:45:32.719 2022] [2022-06-09 00:00:17.002306][invo_spi_srv.cpp         ][INF] CAM VOLTAGE: DMS0[12.56] OMS1[12.52] OMS2[12.56] OMS3[12.48]
[Thu Sep 15 19:45:32.719 2022] [2022-06-09 00:00:17.072034][invo_alg_common.cpp      ][INF] [dms0 RUNNING:   24 fps] bitmask[0000003c] cnt[ 50] err[545460846592] size[1600x1296] total[   5.9 KB/s]
[Thu Sep 15 19:45:32.719 2022] [2022-06-09 00:00:17.072896][invo_alg_common.cpp      ][INF] [fid0 PAUSING:    0 fps] bitmask[00000000] cnt[  0] err[365072220160] size[1600x1296] total[   0.0  B/s]
[Thu Sep 15 19:45:32.719 2022] [2022-06-09 00:00:17.073335][invo_alg_common.cpp      ][INF] [fid1 PAUSING:    0 fps] bitmask[00000000] cnt[  0] err[365072220160] size[1920x1080] total[   0.0  B/s]
[Thu Sep 15 19:45:32.719 2022] [2022-06-09 00:00:17.073962][invo_alg_common.cpp      ][INF] [oms1 RUNNING:   23 fps] bitmask[0000068b] cnt[ 47] err[365072220160] size[1920x1080] total[  25.1 KB/s]
[Thu Sep 15 19:45:32.750 2022] [2022-06-09 00:00:17.074258][invo_alg_common.cpp      ][INF] [ges1 RUNNING:   23 fps] bitmask[00000003] cnt[ 47] err[365072220160] size[1920x1080] total[   2.5 KB/s]
[Thu Sep 15 19:45:32.750 2022] [2022-06-09 00:00:17.074545][invo_alg_common.cpp      ][INF] [oms2 RUNNING:   22 fps] bitmask[0000068b] cnt[ 46] err[365072220160] size[1920x1080] total[  24.6 KB/s]
[Thu Sep 15 19:45:32.750 2022] [2022-06-09 00:00:17.074845][invo_alg_common.cpp      ][INF] [ges2 RUNNING:   22 fps] bitmask[00000003] cnt[ 46] err[365072220160] size[1920x1080] total[   2.4 KB/s]
[Thu Sep 15 19:45:32.750 2022] [2022-06-09 00:00:17.075202][invo_alg_common.cpp      ][INF] [oms3 RUNNING:   21 fps] bitmask[0000068b] cnt[ 43] err[365072220160] size[1920x1080] total[  23.0 KB/s]
[Thu Sep 15 19:45:32.750 2022] [2022-06-09 00:00:17.075522][invo_alg_common.cpp      ][INF] [ges3 RUNNING:   21 fps] bitmask[00000003] cnt[ 43] err[365072220160] size[1920x1080] total[   3.4 KB/s]
[Thu Sep 15 19:45:32.797 2022] [2022-06-09 00:00:17.082075][invo_spi_srv.cpp         ][INF] ECU VOLTAGE: 3V3[3.39] 1V8[1.84] 1V2[1.23] 1V1[1.13] 5V0[5.02] 
[Thu Sep 15 19:45:32.797 2022] [2022-06-09 00:00:17.088854][invo_spi_srv.cpp         ][INF] MCU STATUS : NM[Normal] BUS[Normal] CAN[Silence] PWR[OFF] BAT[12.96V] 
[Thu Sep 15 19:45:32.797 2022] [2022-06-09 00:00:17.094580][invo_spi_srv.cpp         ][INF] MCU SYSTIME: [0000/00/00 00:00:00] is invalid!
[Thu Sep 15 19:45:32.797 2022] [2022-06-09 00:00:17.722193][rte_socket_client.c      ][ERR] getsockopt(192.168.100.1:8899) failed, error = 113, Operation now in progress
[Thu Sep 15 19:45:32.797 2022] [2022-06-09 00:00:17.905415][invo_camera_dev.cpp      ][INF] vinc[00] NORMAL  vsrc[01] ENA|ACT sen[OK] ser[OK] des[OK] vol[OK] lock[OK] errb[OK]
[Thu Sep 15 19:45:32.797 2022] [2022-06-09 00:00:17.914408][invo_camera_dev.cpp      ][INF] vinc[00] NORMAL  vsrc[02] ENA|ACT sen[OK] ser[OK] des[OK] vol[OK] lock[OK] errb[OK]
[Thu Sep 15 19:45:32.828 2022] [2022-06-09 00:00:17.932457][invo_camera_dev.cpp      ][INF] vinc[00] NORMAL  vsrc[03] ENA|ACT sen[OK] ser[OK] des[OK] vol[OK] lock[OK] errb[OK]
[Thu Sep 15 19:45:32.828 2022] [2022-06-09 00:00:17.935978][invo_camera_dev.cpp      ][INF] vinc[01] NORMAL  vsrc[00] ENA|ACT sen[OK] ser[OK] des[OK] vol[OK] lock[OK] errb[OK]
[Thu Sep 15 19:45:32.828 2022] [2022-06-09 00:00:18.002817][invo_spi_srv.cpp         ][INF] CAM VOLTAGE: DMS0[12.52] OMS1[12.52] OMS2[12.56] OMS3[12.48]
[Thu Sep 15 19:45:32.828 2022] [2022-06-09 00:00:18.080551][invo_spi_srv.cpp         ][INF] MCU STATUS : NM[Normal] BUS[Normal] CAN[Silence] PWR[OFF] BAT[12.96V] 
[Thu Sep 15 19:45:32.828 2022] [2022-06-09 00:00:18.087901][invo_spi_srv.cpp         ][INF] MCU SYSTIME: [0000/00/00 00:00:00] is invalid!
[Thu Sep 15 19:45:32.828 2022] [2022-06-09 00:00:18.306694][rte_monitor.cpp          ][INF] SYS MEMORY : Total[977.5MB] Free[160.9MB] Avai[241.1MB] Cach[84.2MB]
[Thu Sep 15 19:45:32.860 2022] [2022-06-09 00:00:18.310100][rte_monitor.cpp          ][INF] CPU OCCUPY : Total[27%] Cpu0[28%] Cpu1[29%] Cpu2[27%]
[Thu Sep 15 19:45:32.860 2022] [2022-06-09 00:00:18.340433][invo_phy.cpp             ][INF] DEV ETHNET : device[eth0] linked[1->1] sqi_value[10.2] sqi_level[5] break[0] 
[Thu Sep 15 19:45:32.860 2022] [2022-06-09 00:00:18.948407][invo_camera_dev.cpp      ][INF] vinc[00] NORMAL  vsrc[01] ENA|ACT sen[OK] ser[OK] des[OK] vol[OK] lock[OK] errb[OK]
[Thu Sep 15 19:45:32.860 2022] [2022-06-09 00:00:18.966449][invo_camera_dev.cpp      ][INF] vinc[00] NORMAL  vsrc[02] ENA|ACT sen[OK] ser[OK] des[OK] vol[OK] lock[OK] errb[OK]
[Thu Sep 15 19:45:32.860 2022] [2022-06-09 00:00:18.993430][invo_camera_dev.cpp      ][INF] vinc[00] NORMAL  vsrc[03] ENA|ACT sen[OK] ser[OK] des[OK] vol[OK] lock[OK] errb[OK]
[Thu Sep 15 19:45:32.891 2022] [2022-06-09 00:00:18.995511][invo_camera_dev.cpp      ][INF] vinc[01] NORMAL  vsrc[00] ENA|ACT sen[OK] ser[OK] des[OK] vol[OK] lock[OK] errb[OK]
[Thu Sep 15 19:45:32.891 2022] [2022-06-09 00:00:19.005302][invo_spi_srv.cpp         ][INF] CAM VOLTAGE: DMS0[12.52] OMS1[12.52] OMS2[12.56] OMS3[12.48]
[Thu Sep 15 19:45:32.891 2022] [2022-06-09 00:00:19.076095][invo_alg_common.cpp      ][INF] [dms0 RUNNING:   24 fps] bitmask[0000003c] cnt[ 50] err[545460846592] size[1600x1296] total[   5.9 KB/s]
[Thu Sep 15 19:45:32.891 2022] [2022-06-09 00:00:19.076784][invo_alg_common.cpp      ][INF] [fid0 PAUSING:    0 fps] bitmask[00000000] cnt[  0] err[365072220160] size[1600x1296] total[   0.0  B/s]
[Thu Sep 15 19:45:32.891 2022] [2022-06-09 00:00:19.077129][invo_alg_common.cpp      ][INF] [fid1 PAUSING:    0 fps] bitmask[00000000] cnt[  0] err[365072220160] size[1920x1080] total[   0.0  B/s]
[Thu Sep 15 19:45:32.922 2022] [2022-06-09 00:00:19.077480][invo_alg_common.cpp      ][INF] [oms1 RUNNING:   23 fps] bitmask[0000068b] cnt[ 47] err[365072220160] size[1920x1080] total[  25.2 KB/s]
[Thu Sep 15 19:45:32.922 2022] [2022-06-09 00:00:19.077763][invo_alg_common.cpp      ][INF] [ges1 RUNNING:   23 fps] bitmask[00000003] cnt[ 47] err[365072220160] size[1920x1080] total[   2.5 KB/s]
[Thu Sep 15 19:45:32.922 2022] [2022-06-09 00:00:19.080172][invo_alg_common.cpp      ][INF] [oms2 RUNNING:   23 fps] bitmask[0000068b] cnt[ 48] err[365072220160] size[1920x1080] total[  25.1 KB/s]
[Thu Sep 15 19:45:32.922 2022] [2022-06-09 00:00:19.080492][invo_alg_common.cpp      ][INF] [ges2 RUNNING:   23 fps] bitmask[00000003] cnt[ 47] err[365072220160] size[1920x1080] total[   2.6 KB/s]
[Thu Sep 15 19:45:32.922 2022] [2022-06-09 00:00:19.080788][invo_alg_common.cpp      ][INF] [oms3 RUNNING:   22 fps] bitmask[0000068b] cnt[ 46] err[365072220160] size[1920x1080] total[  24.6 KB/s]
[Thu Sep 15 19:45:32.953 2022] [2022-06-09 00:00:19.082066][invo_alg_common.cpp      ][INF] [ges3 RUNNING:   22 fps] bitmask[00000003] cnt[ 46] err[365072220160] size[1920x1080] total[   3.6 KB/s]
[Thu Sep 15 19:45:32.953 2022] [2022-06-09 00:00:19.083980][invo_spi_srv.cpp         ][INF] ECU VOLTAGE: 3V3[3.39] 1V8[1.84] 1V2[1.23] 1V1[1.13] 5V0[5.02] 
[Thu Sep 15 19:45:32.953 2022] [2022-06-09 00:00:19.088669][invo_spi_srv.cpp         ][INF] MCU STATUS : NM[Normal] BUS[Normal] CAN[Silence] PWR[OFF] BAT[12.96V] 
[Thu Sep 15 19:45:32.953 2022] [2022-06-09 00:00:19.095426][invo_spi_srv.cpp         ][INF] MCU SYSTIME: [0000/00/00 00:00:00] is invalid!
[Thu Sep 15 19:45:32.953 2022] [2022-06-09 00:00:20.004125][invo_spi_srv.cpp         ][INF] CAM VOLTAGE: DMS0[12.52] OMS1[12.52] OMS2[12.56] OMS3[12.48]
[Thu Sep 15 19:45:32.953 2022] [2022-06-09 00:00:20.007423][invo_camera_dev.cpp      ][INF] vinc[00] NORMAL  vsrc[01] ENA|ACT sen[OK] ser[OK] des[OK] vol[OK] lock[OK] errb[OK]
[Thu Sep 15 19:45:33.000 2022] [2022-06-09 00:00:20.034424][invo_camera_dev.cpp      ][INF] vinc[00] NORMAL  vsrc[02] ENA|ACT sen[OK] ser[OK] des[OK] vol[OK] lock[OK] errb[OK]
[Thu Sep 15 19:45:33.000 2022] [2022-06-09 00:00:20.043414][invo_camera_dev.cpp      ][INF] vinc[00] NORMAL  vsrc[03] ENA|ACT sen[OK] ser[OK] des[OK] vol[OK] lock[OK] errb[OK]
[Thu Sep 15 19:45:33.000 2022] [2022-06-09 00:00:20.045781][invo_camera_dev.cpp      ][INF] vinc[01] NORMAL  vsrc[00] ENA|ACT sen[OK] ser[OK] des[OK] vol[OK] lock[OK] errb[OK]
[Thu Sep 15 19:45:33.000 2022] [2022-06-09 00:00:20.081141][invo_spi_srv.cpp         ][INF] MCU STATUS : NM[Normal] BUS[Normal] CAN[Silence] PWR[OFF] BAT[12.96V] 
[Thu Sep 15 19:45:33.000 2022] [2022-06-09 00:00:20.088391][invo_spi_srv.cpp         ][INF] MCU SYSTIME: [0000/00/00 00:00:00] is invalid!
[Thu Sep 15 19:45:33.000 2022] [2022-06-09 00:00:20.306421][rte_monitor.cpp          ][INF] SYS MEMORY : Total[977.5MB] Free[161.1MB] Avai[241.3MB] Cach[84.2MB]
[Thu Sep 15 19:45:33.016 2022] [2022-06-09 00:00:20.309954][rte_monitor.cpp          ][INF] CPU OCCUPY : Total[27%] Cpu0[29%] Cpu1[29%] Cpu2[28%]
[Thu Sep 15 19:45:33.016 2022] [2022-06-09 00:00:20.794187][rte_socket_client.c      ][ERR] getsockopt(192.168.100.1:8899) failed, error = 113, Operation now in progress
[Thu Sep 15 19:45:33.016 2022] [2022-06-09 00:00:21.005499][invo_spi_srv.cpp         ][INF] CAM VOLTAGE: DMS0[12.52] OMS1[12.52] OMS2[12.56] OMS3[12.48]
[Thu Sep 15 19:45:33.016 2022] [2022-06-09 00:00:21.067416][invo_camera_dev.cpp      ][INF] vinc[00] NORMAL  vsrc[01] ENA|ACT sen[OK] ser[OK] des[OK] vol[OK] lock[OK] errb[OK]
[Thu Sep 15 19:45:33.016 2022] [2022-06-09 00:00:21.076409][invo_camera_dev.cpp      ][INF] vinc[00] NORMAL  vsrc[02] ENA|ACT sen[OK] ser[OK] des[OK] vol[OK] lock[OK] errb[OK]
[Thu Sep 15 19:45:33.047 2022] [2022-06-09 00:00:21.084873][invo_alg_common.cpp      ][INF] [dms0 RUNNING:   24 fps] bitmask[0000003c] cnt[ 50] err[545460846592] size[1600x1296] total[   5.9 KB/s]
[Thu Sep 15 19:45:33.047 2022] [2022-06-09 00:00:21.085434][invo_camera_dev.cpp      ][INF] vinc[00] NORMAL  vsrc[03] ENA|ACT sen[OK] ser[OK] des[OK] vol[OK] lock[OK] errb[OK]
[Thu Sep 15 19:45:33.047 2022] [2022-06-09 00:00:21.085512][invo_alg_common.cpp      ][INF] [fid0 PAUSING:    0 fps] bitmask[00000000] cnt[  0] err[365072220160] size[1600x1296] total[   0.0  B/s]
[Thu Sep 15 19:45:33.047 2022] [2022-06-09 00:00:21.085836][invo_alg_common.cpp      ][INF] [fid1 PAUSING:    0 fps] bitmask[00000000] cnt[  0] err[365072220160] size[1920x1080] total[   0.0  B/s]
[Thu Sep 15 19:45:33.047 2022] [2022-06-09 00:00:21.088077][invo_alg_common.cpp      ][INF] [oms1 RUNNING:   23 fps] bitmask[0000068b] cnt[ 47] err[365072220160] size[1920x1080] total[  25.1 KB/s]
[Thu Sep 15 19:45:33.094 2022] [2022-06-09 00:00:21.089058][invo_camera_dev.cpp      ][INF] vinc[01] NORMAL  vsrc[00] ENA|ACT sen[OK] ser[OK] des[OK] vol[OK] lock[OK] errb[OK]
[Thu Sep 15 19:45:33.094 2022] [2022-06-09 00:00:21.095335][invo_alg_common.cpp      ][INF] [ges1 RUNNING:   23 fps] bitmask[00000003] cnt[ 47] err[365072220160] size[1920x1080] total[   2.5 KB/s]
[Thu Sep 15 19:45:33.094 2022] [2022-06-09 00:00:21.095657][invo_alg_common.cpp      ][INF] [oms2 RUNNING:   22 fps] bitmask[0000068b] cnt[ 45] err[365072220160] size[1920x1080] total[  24.5 KB/s]
[Thu Sep 15 19:45:33.094 2022] [2022-06-09 00:00:21.098149][invo_spi_srv.cpp         ][INF] ECU VOLTAGE: 3V3[3.39] 1V8[1.84] 1V2[1.23] 1V1[1.13] 5V0[5.02] 
[Thu Sep 15 19:45:33.094 2022] [2022-06-09 00:00:21.098345][invo_alg_common.cpp      ][INF] [ges2 RUNNING:   22 fps] bitmask[00000003] cnt[ 46] err[365072220160] size[1920x1080] total[   2.5 KB/s]
[Thu Sep 15 19:45:33.125 2022] [2022-06-09 00:00:21.100523][invo_alg_common.cpp      ][INF] [oms3 RUNNING:   22 fps] bitmask[0000068b] cnt[ 46] err[365072220160] size[1920x1080] total[  24.4 KB/s]
[Thu Sep 15 19:45:33.125 2022] [2022-06-09 00:00:21.101895][invo_alg_common.cpp      ][INF] [ges3 RUNNING:   22 fps] bitmask[00000003] cnt[ 46] err[365072220160] size[1920x1080] total[   2.7 KB/s]
[Thu Sep 15 19:45:33.125 2022] [2022-06-09 00:00:21.105489][invo_spi_srv.cpp         ][INF] MCU STATUS : NM[Normal] BUS[Normal] CAN[Silence] PWR[OFF] BAT[12.96V] 
[Thu Sep 15 19:45:33.125 2022] [2022-06-09 00:00:21.110009][invo_spi_srv.cpp         ][INF] MCU SYSTIME: [0000/00/00 00:00:00] is invalid!
[Thu Sep 15 19:45:33.125 2022] [2022-06-09 00:00:21.245664][invo_phy.cpp             ][INF] DEV ETHNET : device[eth0] linked[1->1] sqi_value[10.1] sqi_level[5] break[0] 
[Thu Sep 15 19:45:33.125 2022] [2022-06-09 00:00:22.004438][invo_spi_srv.cpp         ][INF] CAM VOLTAGE: DMS0[12.52] OMS1[12.52] OMS2[12.56] OMS3[12.48]
[Thu Sep 15 19:45:33.172 2022] [2022-06-09 00:00:22.090702][invo_spi_srv.cpp         ][INF] MCU STATUS : NM[Normal] BUS[Normal] CAN[Silence] PWR[OFF] BAT[12.96V] 
[Thu Sep 15 19:45:33.172 2022] [2022-06-09 00:00:22.095434][invo_spi_srv.cpp         ][INF] MCU SYSTIME: [0000/00/00 00:00:00] is invalid!
[Thu Sep 15 19:45:33.172 2022] [2022-06-09 00:00:22.106418][invo_camera_dev.cpp      ][INF] vinc[00] NORMAL  vsrc[01] ENA|ACT sen[OK] ser[OK] des[OK] vol[OK] lock[OK] errb[OK]
[Thu Sep 15 19:45:33.172 2022] [2022-06-09 00:00:22.117415][invo_camera_dev.cpp      ][INF] vinc[00] NORMAL  vsrc[02] ENA|ACT sen[OK] ser[OK] des[OK] vol[OK] lock[OK] errb[OK]
[Thu Sep 15 19:45:33.172 2022] [2022-06-09 00:00:22.135438][invo_camera_dev.cpp      ][INF] vinc[00] NORMAL  vsrc[03] ENA|ACT sen[OK] ser[OK] des[OK] vol[OK] lock[OK] errb[OK]
[Thu Sep 15 19:45:33.172 2022] [2022-06-09 00:00:22.138886][invo_camera_dev.cpp      ][INF] vinc[01] NORMAL  vsrc[00] ENA|ACT sen[OK] ser[OK] des[OK] vol[OK] lock[OK] errb[OK]
[Thu Sep 15 19:45:33.188 2022] [2022-06-09 00:00:22.306413][rte_monitor.cpp          ][INF] SYS MEMORY : Total[977.5MB] Free[160.6MB] Avai[240.8MB] Cach[84.2MB]
[Thu Sep 15 19:45:33.188 2022] [2022-06-09 00:00:22.309848][rte_monitor.cpp          ][INF] CPU OCCUPY : Total[27%] Cpu0[26%] Cpu1[27%] Cpu2[29%]
[Thu Sep 15 19:45:33.188 2022] [2022-06-09 00:00:23.003833][invo_spi_srv.cpp         ][INF] CAM VOLTAGE: DMS0[12.52] OMS1[12.52] OMS2[12.56] OMS3[12.48]
[Thu Sep 15 19:45:33.188 2022] [2022-06-09 00:00:23.091624][invo_spi_srv.cpp         ][INF] ECU VOLTAGE: 3V3[3.39] 1V8[1.84] 1V2[1.23] 1V1[1.13] 5V0[5.02] 
[Thu Sep 15 19:45:33.188 2022] [2022-06-09 00:00:23.096335][invo_spi_srv.cpp         ][INF] MCU STATUS : NM[Normal] BUS[Normal] CAN[Silence] PWR[OFF] BAT[12.96V] 
[Thu Sep 15 19:45:33.188 2022] [2022-06-09 00:00:23.102886][invo_spi_srv.cpp         ][INF] MCU SYSTIME: [0000/00/00 00:00:00] is invalid!
[Thu Sep 15 19:45:33.250 2022] [2022-06-09 00:00:23.104854][invo_alg_common.cpp      ][INF] [dms0 RUNNING:   25 fps] bitmask[0000003c] cnt[ 51] err[545460846592] size[1600x1296] total[   6.0 KB/s]
[Thu Sep 15 19:45:33.250 2022] [2022-06-09 00:00:23.105318][invo_alg_common.cpp      ][INF] [fid0 PAUSING:    0 fps] bitmask[00000000] cnt[  0] err[365072220160] size[1600x1296] total[   0.0  B/s]
[Thu Sep 15 19:45:33.250 2022] [2022-06-09 00:00:23.105597][invo_alg_common.cpp      ][INF] [fid1 PAUSING:    0 fps] bitmask[00000000] cnt[  0] err[365072220160] size[1920x1080] total[   0.0  B/s]
[Thu Sep 15 19:45:33.250 2022] [2022-06-09 00:00:23.105907][invo_alg_common.cpp      ][INF] [oms1 RUNNING:   22 fps] bitmask[0000068b] cnt[ 45] err[365072220160] size[1920x1080] total[  23.9 KB/s]
[Thu Sep 15 19:45:33.250 2022] [2022-06-09 00:00:23.106181][invo_alg_common.cpp      ][INF] [ges1 RUNNING:   22 fps] bitmask[00000003] cnt[ 45] err[365072220160] size[1920x1080] total[   2.4 KB/s]
[Thu Sep 15 19:45:33.297 2022] [2022-06-09 00:00:23.106474][invo_alg_common.cpp      ][INF] [oms2 RUNNING:   21 fps] bitmask[0000068b] cnt[ 44] err[365072220160] size[1920x1080] total[  23.5 KB/s]
[Thu Sep 15 19:45:33.297 2022] [2022-06-09 00:00:23.106748][invo_alg_common.cpp      ][INF] [ges2 RUNNING:   21 fps] bitmask[00000003] cnt[ 44] err[365072220160] size[1920x1080] total[   2.4 KB/s]
[Thu Sep 15 19:45:33.297 2022] [2022-06-09 00:00:23.107057][invo_alg_common.cpp      ][INF] [oms3 RUNNING:   21 fps] bitmask[0000068b] cnt[ 43] err[365072220160] size[1920x1080] total[  23.0 KB/s]
[Thu Sep 15 19:45:33.297 2022] [2022-06-09 00:00:23.107354][invo_alg_common.cpp      ][INF] [ges3 RUNNING:   21 fps] bitmask[00000003] cnt[ 43] err[365072220160] size[1920x1080] total[   3.4 KB/s]
[Thu Sep 15 19:45:33.344 2022] [2022-06-09 00:00:23.149427][invo_camera_dev.cpp      ][INF] vinc[00] NORMAL  vsrc[01] ENA|ACT sen[OK] ser[OK] des[OK] vol[OK] lock[OK] errb[OK]
[Thu Sep 15 19:45:33.344 2022] [2022-06-09 00:00:23.158446][invo_camera_dev.cpp      ][INF] vinc[00] NORMAL  vsrc[02] ENA|ACT sen[OK] ser[OK] des[OK] vol[OK] lock[OK] errb[OK]
[Thu Sep 15 19:45:33.344 2022] [2022-06-09 00:00:23.167412][invo_camera_dev.cpp      ][INF] vinc[00] NORMAL  vsrc[03] ENA|ACT sen[OK] ser[OK] des[OK] vol[OK] lock[OK] errb[OK]
[Thu Sep 15 19:45:33.344 2022] [2022-06-09 00:00:23.169294][invo_camera_dev.cpp      ][INF] vinc[01] NORMAL  vsrc[00] ENA|ACT sen[OK] ser[OK] des[OK] vol[OK] lock[OK] errb[OK]
[Thu Sep 15 19:45:33.344 2022] [2022-06-09 00:00:23.866188][rte_socket_client.c      ][ERR] getsockopt(192.168.100.1:8899) failed, error = 113, Operation now in progress
[Thu Sep 15 19:45:33.344 2022] [2022-06-09 00:00:24.004668][invo_spi_srv.cpp         ][INF] CAM VOLTAGE: DMS0[12.52] OMS1[12.52] OMS2[12.56] OMS3[12.48]
[Thu Sep 15 19:45:33.375 2022] [2022-06-09 00:00:24.092467][invo_spi_srv.cpp         ][INF] MCU STATUS : NM[Normal] BUS[Normal] CAN[Silence] PWR[OFF] BAT[12.96V] 
[Thu Sep 15 19:45:33.375 2022] [2022-06-09 00:00:24.099649][invo_spi_srv.cpp         ][INF] MCU SYSTIME: [0000/00/00 00:00:00] is invalid!
[Thu Sep 15 19:45:33.375 2022] [2022-06-09 00:00:24.126721][invo_phy.cpp             ][INF] DEV ETHNET : device[eth0] linked[1->1] sqi_value[10.1] sqi_level[5] break[0] 
[Thu Sep 15 19:45:33.375 2022] [2022-06-09 00:00:24.180409][invo_camera_dev.cpp      ][INF] vinc[00] NORMAL  vsrc[01] ENA|ACT sen[OK] ser[OK] des[OK] vol[OK] lock[OK] errb[OK]
[Thu Sep 15 19:45:33.375 2022] [2022-06-09 00:00:24.198422][invo_camera_dev.cpp      ][INF] vinc[00] NORMAL  vsrc[02] ENA|ACT sen[OK] ser[OK] des[OK] vol[OK] lock[OK] errb[OK]
[Thu Sep 15 19:45:33.375 2022] [2022-06-09 00:00:24.207399][invo_camera_dev.cpp      ][INF] vinc[00] NORMAL  vsrc[03] ENA|ACT sen[OK] ser[OK] des[OK] vol[OK] lock[OK] errb[OK]
[Thu Sep 15 19:45:33.407 2022] [2022-06-09 00:00:24.209429][invo_camera_dev.cpp      ][INF] vinc[01] NORMAL  vsrc[00] ENA|ACT sen[OK] ser[OK] des[OK] vol[OK] lock[OK] errb[OK]
[Thu Sep 15 19:45:33.407 2022] [2022-06-09 00:00:24.306337][rte_monitor.cpp          ][INF] SYS MEMORY : Total[977.5MB] Free[160.8MB] Avai[241.0MB] Cach[84.2MB]
[Thu Sep 15 19:45:33.407 2022] [2022-06-09 00:00:24.309738][rte_monitor.cpp          ][INF] CPU OCCUPY : Total[27%] Cpu0[25%] Cpu1[26%] Cpu2[30%]
[Thu Sep 15 19:45:33.407 2022] [2022-06-09 00:00:25.004688][invo_spi_srv.cpp         ][INF] CAM VOLTAGE: DMS0[12.52] OMS1[12.52] OMS2[12.56] OMS3[12.48]
[Thu Sep 15 19:45:33.407 2022] [2022-06-09 00:00:25.098253][invo_spi_srv.cpp         ][INF] ECU VOLTAGE: 3V3[3.39] 1V8[1.84] 1V2[1.23] 1V1[1.13] 5V0[5.02] 
[Thu Sep 15 19:45:33.438 2022] [2022-06-09 00:00:25.102919][invo_spi_srv.cpp         ][INF] MCU STATUS : NM[Normal] BUS[Normal] CAN[Silence] PWR[OFF] BAT[12.92V] 
[Thu Sep 15 19:45:33.438 2022] [2022-06-09 00:00:25.107416][invo_spi_srv.cpp         ][INF] MCU SYSTIME: [0000/00/00 00:00:00] is invalid!
[Thu Sep 15 19:45:33.438 2022] [2022-06-09 00:00:25.109567][invo_alg_common.cpp      ][INF] [dms0 RUNNING:   24 fps] bitmask[0000003c] cnt[ 50] err[545460846592] size[1600x1296] total[   5.9 KB/s]
[Thu Sep 15 19:45:33.438 2022] [2022-06-09 00:00:25.110074][invo_alg_common.cpp      ][INF] [fid0 PAUSING:    0 fps] bitmask[00000000] cnt[  0] err[365072220160] size[1600x1296] total[   0.0  B/s]
[Thu Sep 15 19:45:33.438 2022] [2022-06-09 00:00:25.110370][invo_alg_common.cpp      ][INF] [fid1 PAUSING:    0 fps] bitmask[00000000] cnt[  0] err[365072220160] size[1920x1080] total[   0.0  B/s]
[Thu Sep 15 19:45:33.438 2022] [2022-06-09 00:00:25.110673][invo_alg_common.cpp      ][INF] [oms1 RUNNING:   23 fps] bitmask[0000068b] cnt[ 47] err[365072220160] size[1920x1080] total[  25.2 KB/s]
[Thu Sep 15 19:45:33.469 2022] [2022-06-09 00:00:25.110978][invo_alg_common.cpp      ][INF] [ges1 RUNNING:   23 fps] bitmask[00000003] cnt[ 47] err[365072220160] size[1920x1080] total[   2.5 KB/s]
[Thu Sep 15 19:45:33.469 2022] [2022-06-09 00:00:25.111255][invo_alg_common.cpp      ][INF] [oms2 RUNNING:   22 fps] bitmask[0000068b] cnt[ 46] err[365072220160] size[1920x1080] total[  24.6 KB/s]
[Thu Sep 15 19:45:33.469 2022] [2022-06-09 00:00:25.111540][invo_alg_common.cpp      ][INF] [ges2 RUNNING:   22 fps] bitmask[00000003] cnt[ 46] err[365072220160] size[1920x1080] total[   2.5 KB/s]
[Thu Sep 15 19:45:33.469 2022] [2022-06-09 00:00:25.111854][invo_alg_common.cpp      ][INF] [oms3 RUNNING:   22 fps] bitmask[0000068b] cnt[ 46] err[365072220160] size[1920x1080] total[  24.6 KB/s]
[Thu Sep 15 19:45:33.469 2022] [2022-06-09 00:00:25.114167][invo_alg_common.cpp      ][INF] [ges3 RUNNING:   22 fps] bitmask[00000003] cnt[ 46] err[365072220160] size[1920x1080] total[   3.3 KB/s]
[Thu Sep 15 19:45:33.510 2022] [2022-06-09 00:00:25.224409][invo_camera_dev.cpp      ][INF] vinc[00] NORMAL  vsrc[01] ENA|ACT sen[OK] ser[OK] des[OK] vol[OK] lock[OK] errb[OK]
[Thu Sep 15 19:45:33.510 2022] [2022-06-09 00:00:25.233399][invo_camera_dev.cpp      ][INF] vinc[00] NORMAL  vsrc[02] ENA|ACT sen[OK] ser[OK] des[OK] vol[OK] lock[OK] errb[OK]
[Thu Sep 15 19:45:33.510 2022] [2022-06-09 00:00:25.251417][invo_camera_dev.cpp      ][INF] vinc[00] NORMAL  vsrc[03] ENA|ACT sen[OK] ser[OK] des[OK] vol[OK] lock[OK] errb[OK]
[Thu Sep 15 19:45:33.510 2022] [2022-06-09 00:00:25.254854][invo_camera_dev.cpp      ][INF] vinc[01] NORMAL  vsrc[00] ENA|ACT sen[OK] ser[OK] des[OK] vol[OK] lock[OK] errb[OK]
[Thu Sep 15 19:45:33.510 2022] [2022-06-09 00:00:25.483967][invo_spi_tp_if.cpp       ][WRN] [TX] [cnt= 235] [nul=  49] [err=   0] [len=  56] [que=   4] Timer[10s]
[Thu Sep 15 19:45:33.540 2022] [2022-06-09 00:00:25.484019][invo_spi_tp_if.cpp       ][WRN] [RX] [cnt=  65] [nul= 219] [err=   0] [len=  20] [que=   0] Timer[10s]
[Thu Sep 15 19:45:33.540 2022] [2022-06-09 00:00:26.004418][invo_spi_srv.cpp         ][INF] CAM VOLTAGE: DMS0[12.52] OMS1[12.48] OMS2[12.56] OMS3[12.48]
[Thu Sep 15 19:45:33.540 2022] [2022-06-09 00:00:26.100888][invo_spi_srv.cpp         ][INF] MCU STATUS : NM[Normal] BUS[Normal] CAN[Silence] PWR[OFF] BAT[12.96V] 
[Thu Sep 15 19:45:33.540 2022] [2022-06-09 00:00:26.107490][invo_spi_srv.cpp         ][INF] MCU SYSTIME: [0000/00/00 00:00:00] is invalid!
[Thu Sep 15 19:45:33.540 2022] [2022-06-09 00:00:26.266504][invo_camera_dev.cpp      ][INF] vinc[00] NORMAL  vsrc[01] ENA|ACT sen[OK] ser[OK] des[OK] vol[OK] lock[OK] errb[OK]
[Thu Sep 15 19:45:33.540 2022] [2022-06-09 00:00:26.275672][invo_camera_dev.cpp      ][INF] vinc[00] NORMAL  vsrc[02] ENA|ACT sen[OK] ser[OK] des[OK] vol[OK] lock[OK] errb[OK]
[Thu Sep 15 19:45:33.573 2022] [2022-06-09 00:00:26.304449][invo_camera_dev.cpp      ][INF] vinc[00] NORMAL  vsrc[03] ENA|ACT sen[OK] ser[OK] des[OK] vol[OK] lock[OK] errb[OK]
[Thu Sep 15 19:45:33.573 2022] [2022-06-09 00:00:26.306113][rte_monitor.cpp          ][INF] SYS MEMORY : Total[977.5MB] Free[160.7MB] Avai[240.9MB] Cach[84.2MB]
[Thu Sep 15 19:45:33.573 2022] [2022-06-09 00:00:26.307936][invo_camera_dev.cpp      ][INF] vinc[01] NORMAL  vsrc[00] ENA|ACT sen[OK] ser[OK] des[OK] vol[OK] lock[OK] errb[OK]
[Thu Sep 15 19:45:33.573 2022] [2022-06-09 00:00:26.309530][rte_monitor.cpp          ][INF] CPU OCCUPY : Total[27%] Cpu0[25%] Cpu1[26%] Cpu2[30%]
[Thu Sep 15 19:45:33.573 2022] [2022-06-09 00:00:26.938123][rte_socket_client.c      ][ERR] getsockopt(192.168.100.1:8899) failed, error = 113, Operation now in progress
[Thu Sep 15 19:45:33.604 2022] [2022-06-09 00:00:27.005142][invo_spi_srv.cpp         ][INF] CAM VOLTAGE: DMS0[12.52] OMS1[12.52] OMS2[12.56] OMS3[12.48]
[Thu Sep 15 19:45:33.604 2022] [2022-06-09 00:00:27.012266][invo_phy.cpp             ][INF] DEV ETHNET : device[eth0] linked[1->1] sqi_value[10.2] sqi_level[5] break[0] 
[Thu Sep 15 19:45:33.604 2022] [2022-06-09 00:00:27.107696][invo_spi_srv.cpp         ][INF] ECU VOLTAGE: 3V3[3.39] 1V8[1.84] 1V2[1.23] 1V1[1.13] 5V0[5.02] 
[Thu Sep 15 19:45:33.604 2022] [2022-06-09 00:00:27.114561][invo_spi_srv.cpp         ][INF] MCU STATUS : NM[Normal] BUS[Normal] CAN[Silence] PWR[OFF] BAT[12.96V] 
[Thu Sep 15 19:45:33.604 2022] [2022-06-09 00:00:27.116294][invo_alg_common.cpp      ][INF] [dms0 RUNNING:   24 fps] bitmask[0000003c] cnt[ 50] err[545460846592] size[1600x1296] total[   5.9 KB/s]
[Thu Sep 15 19:45:33.604 2022] [2022-06-09 00:00:27.116732][invo_alg_common.cpp      [2022-06-09 00:00:34.006302][invo_spi_srv.cpp         ][INF] CAM VOLTAGE: DMS0[12.52] OMS1[12.52] OMS2[12.56] OMS3[12.48]
[Thu Sep 15 19:45:33.630 2022] [2022-06-09 00:00:34.129390][invo_spi_srv.cpp         ][INF] MCU STATUS : NM[Normal] BUS[Normal] CAN[Silence] PWR[OFF] BAT[12.96V] 
[Thu Sep 15 19:45:33.630 2022] [2022-06-09 00:00:34.134568][invo_spi_srv.cpp         ][INF] MCU SYSTIME: [0000/00/00 00:00:00] is invalid!